<?xml version="1.0" encoding="UTF-8"?>
<!-- Generated by org.testng.reporters.JUnitReportReporter -->
<testsuite hostname="mamobarjos" failures="0" tests="5" name="com.android.Appium.Base" time="29.900" errors="0" timestamp="2025-02-04T10:48:05 EET" skipped="4">
  <testcase classname="com.android.Appium.Base" name="MultiplyTowRandomNumbers" time="29.900"/>
  <system-out/>
  <testcase classname="com.android.Appium.Base" name="MultiplayTowNumber">
    <skipped/>
  </testcase> <!-- MultiplayTowNumber -->
  <system-out/>
  <testcase classname="com.android.Appium.Base" name="ClickOnlyOnNumbers">
    <skipped/>
  </testcase> <!-- ClickOnlyOnNumbers -->
  <system-out/>
  <testcase classname="com.android.Appium.Base" name="ClickonAllItems">
    <skipped/>
  </testcase> <!-- ClickonAllItems -->
  <system-out/>
  <testcase classname="com.android.Appium.Base" name="ClickOnlyOnEvenNumbers">
    <skipped/>
  </testcase> <!-- ClickOnlyOnEvenNumbers -->
  <system-out/>
</testsuite> <!-- com.android.Appium.Base -->
